# JRE version: OpenJDK Runtime Environment (16.0.2+7) (build 16.0.2+7-67)
# Java VM: OpenJDK 64-Bit Server VM (16.0.2+7-67, mixed mode, tiered, compressed oops, compressed class ptrs, g1 gc, windows-amd64)
GC Precious Log:
 CPUs: 4 total, 4 available
 Memory: 8082M
 Large Page Support: Disabled
 NUMA Support: Disabled
 Compressed Oops: Enabled (32-bit)
 Heap Region Size: 1M
 Heap Min Capacity: 8M
 Heap Initial Capacity: 128M
 Heap Max Capacity: 2022M
 Pre-touch: Disabled
 Parallel Workers: 4
 Concurrent Workers: 1
 Concurrent Refinement Workers: 4
 Periodic GC: Disabled
Heap:
 garbage-first heap   total 55296K, used 22382K [0x0000000081a00000, 0x0000000100000000)
  region size 1024K, 14 young (14336K), 3 survivors (3072K)
 Metaspace       used 35502K, committed 35840K, reserved 1081344K
  class space    used 4223K, committed 4416K, reserved 1048576K
GC Heap History (20 events):
Event: 1.495 GC heap before
{Heap before GC invocations=1 (full 0):
 garbage-first heap   total 131072K, used 18067K [0x0000000081a00000, 0x0000000100000000)
  region size 1024K, 16 young (16384K), 2 survivors (2048K)
 Metaspace       used 15832K, committed 16000K, reserved 1064960K
  class space    used 1573K, committed 1664K, reserved 1048576K
}
Event: 1.501 GC heap after
{Heap after GC invocations=2 (full 0):
 garbage-first heap   total 131072K, used 5255K [0x0000000081a00000, 0x0000000100000000)
  region size 1024K, 2 young (2048K), 2 survivors (2048K)
 Metaspace       used 15832K, committed 16000K, reserved 1064960K
  class space    used 1573K, committed 1664K, reserved 1048576K
}
Event: 2.065 GC heap before
{Heap before GC invocations=2 (full 0):
 garbage-first heap   total 131072K, used 52359K [0x0000000081a00000, 0x0000000100000000)
  region size 1024K, 50 young (51200K), 2 survivors (2048K)
 Metaspace       used 21050K, committed 21248K, reserved 1073152K
  class space    used 2320K, committed 2432K, reserved 1048576K
}
Event: 2.071 GC heap after
{Heap after GC invocations=3 (full 0):
 garbage-first heap   total 131072K, used 6622K [0x0000000081a00000, 0x0000000100000000)
  region size 1024K, 3 young (3072K), 3 survivors (3072K)
 Metaspace       used 21050K, committed 21248K, reserved 1073152K
  class space    used 2320K, committed 2432K, reserved 1048576K
}
Event: 2.189 GC heap before
{Heap before GC invocations=4 (full 0):
 garbage-first heap   total 30720K, used 29150K [0x0000000081a00000, 0x0000000100000000)
  region size 1024K, 26 young (26624K), 3 survivors (3072K)
 Metaspace       used 23100K, committed 23360K, reserved 1073152K
  class space    used 2550K, committed 2688K, reserved 1048576K
}
Event: 2.194 GC heap after
{Heap after GC invocations=5 (full 0):
 garbage-first heap   total 34816K, used 7011K [0x0000000081a00000, 0x0000000100000000)
  region size 1024K, 4 young (4096K), 4 survivors (4096K)
 Metaspace       used 23100K, committed 23360K, reserved 1073152K
  class space    used 2550K, committed 2688K, reserved 1048576K
}
Event: 2.270 GC heap before
{Heap before GC invocations=5 (full 0):
 garbage-first heap   total 34816K, used 21347K [0x0000000081a00000, 0x0000000100000000)
  region size 1024K, 19 young (19456K), 4 survivors (4096K)
 Metaspace       used 24647K, committed 24896K, reserved 1073152K
  class space    used 2745K, committed 2880K, reserved 1048576K
}
Event: 2.275 GC heap after
{Heap after GC invocations=6 (full 0):
 garbage-first heap   total 34816K, used 7258K [0x0000000081a00000, 0x0000000100000000)
  region size 1024K, 1 young (1024K), 1 survivors (1024K)
 Metaspace       used 24647K, committed 24896K, reserved 1073152K
  class space    used 2745K, committed 2880K, reserved 1048576K
}
Event: 2.348 GC heap before
{Heap before GC invocations=6 (full 0):
 garbage-first heap   total 34816K, used 22618K [0x0000000081a00000, 0x0000000100000000)
  region size 1024K, 17 young (17408K), 1 survivors (1024K)
 Metaspace       used 25971K, committed 26176K, reserved 1073152K
  class space    used 2914K, committed 3008K, reserved 1048576K
}
Event: 2.350 GC heap after
{Heap after GC invocations=7 (full 0):
 garbage-first heap   total 34816K, used 7374K [0x0000000081a00000, 0x0000000100000000)
  region size 1024K, 1 young (1024K), 1 survivors (1024K)
 Metaspace       used 25971K, committed 26176K, reserved 1073152K
  class space    used 2914K, committed 3008K, reserved 1048576K
}
Event: 2.471 GC heap before
{Heap before GC invocations=7 (full 0):
 garbage-first heap   total 34816K, used 23758K [0x0000000081a00000, 0x0000000100000000)
  region size 1024K, 18 young (18432K), 1 survivors (1024K)
 Metaspace       used 27262K, committed 27520K, reserved 1073152K
  class space    used 3089K, committed 3200K, reserved 1048576K
}
Event: 2.474 GC heap after
{Heap after GC invocations=8 (full 0):
 garbage-first heap   total 46080K, used 8051K [0x0000000081a00000, 0x0000000100000000)
  region size 1024K, 2 young (2048K), 2 survivors (2048K)
 Metaspace       used 27262K, committed 27520K, reserved 1073152K
  class space    used 3089K, committed 3200K, reserved 1048576K
}
Event: 2.804 GC heap before
{Heap before GC invocations=8 (full 0):
 garbage-first heap   total 46080K, used 33651K [0x0000000081a00000, 0x0000000100000000)
  region size 1024K, 27 young (27648K), 2 survivors (2048K)
 Metaspace       used 28526K, committed 28736K, reserved 1081344K
  class space    used 3285K, committed 3392K, reserved 1048576K
}
Event: 2.809 GC heap after
{Heap after GC invocations=9 (full 0):
 garbage-first heap   total 46080K, used 9006K [0x0000000081a00000, 0x0000000100000000)
  region size 1024K, 3 young (3072K), 3 survivors (3072K)
 Metaspace       used 28526K, committed 28736K, reserved 1081344K
  class space    used 3285K, committed 3392K, reserved 1048576K
}
Event: 3.046 GC heap before
{Heap before GC invocations=9 (full 0):
 garbage-first heap   total 46080K, used 33582K [0x0000000081a00000, 0x0000000100000000)
  region size 1024K, 27 young (27648K), 3 survivors (3072K)
 Metaspace       used 30319K, committed 30592K, reserved 1081344K
  class space    used 3533K, committed 3648K, reserved 1048576K
}
Event: 3.052 GC heap after
{Heap after GC invocations=10 (full 0):
 garbage-first heap   total 46080K, used 9651K [0x0000000081a00000, 0x0000000100000000)
  region size 1024K, 3 young (3072K), 3 survivors (3072K)
 Metaspace       used 30319K, committed 30592K, reserved 1081344K
  class space    used 3533K, committed 3648K, reserved 1048576K
}
Event: 3.426 GC heap before
{Heap before GC invocations=10 (full 0):
 garbage-first heap   total 46080K, used 34227K [0x0000000081a00000, 0x0000000100000000)
  region size 1024K, 27 young (27648K), 3 survivors (3072K)
 Metaspace       used 32548K, committed 32832K, reserved 1081344K
  class space    used 3895K, committed 4032K, reserved 1048576K
}
Event: 3.437 GC heap after
{Heap after GC invocations=11 (full 0):
 garbage-first heap   total 46080K, used 11113K [0x0000000081a00000, 0x0000000100000000)
  region size 1024K, 4 young (4096K), 4 survivors (4096K)
 Metaspace       used 32548K, committed 32832K, reserved 1081344K
  class space    used 3895K, committed 4032K, reserved 1048576K
}
Event: 3.703 GC heap before
{Heap before GC invocations=11 (full 0):
 garbage-first heap   total 46080K, used 34665K [0x0000000081a00000, 0x0000000100000000)
  region size 1024K, 27 young (27648K), 4 survivors (4096K)
 Metaspace       used 34623K, committed 34880K, reserved 1081344K
  class space    used 4101K, committed 4224K, reserved 1048576K
}
Event: 3.713 GC heap after
{Heap after GC invocations=12 (full 0):
 garbage-first heap   total 55296K, used 12142K [0x0000000081a00000, 0x0000000100000000)
  region size 1024K, 3 young (3072K), 3 survivors (3072K)
 Metaspace       used 34623K, committed 34880K, reserved 1081344K
  class space    used 4101K, committed 4224K, reserved 1048576K
}

